This is pdfTeX, Version 3.14159265-2.6-1.40.15 (TeX Live 2014) (preloaded format=pdflatex 2015.10.15)  20 OCT 2015 09:54
entering extended mode
 restricted \write18 enabled.
 %&-line parsing enabled.
**Bibliography.tex
(./Bibliography.tex
LaTeX2e <2011/06/27>
Babel <3.9k> and hyphenation patterns for 8 languages loaded.
! Undefined control sequence.
l.5 \manualmark
               
The control sequence at the end of the top line
of your error message was never \def'ed. If you have
misspelled it (e.g., `\hobx'), type `I' and the correct
spelling (e.g., `I\hbox'). Otherwise just continue,
and I'll forget about whatever was undefined.

! Undefined control sequence.
<argument> \spacedlowsmallcaps 
                               {\bibname }
l.6 ...s{\bibname}}{\spacedlowsmallcaps{\bibname}}
                                                   % work-around to have sma...
The control sequence at the end of the top line
of your error message was never \def'ed. If you have
misspelled it (e.g., `\hobx'), type `I' and the correct
spelling (e.g., `I\hbox'). Otherwise just continue,
and I'll forget about whatever was undefined.

! Undefined control sequence.
<argument> \spacedlowsmallcaps {\bibname 
                                         }
l.6 ...s{\bibname}}{\spacedlowsmallcaps{\bibname}}
                                                   % work-around to have sma...
The control sequence at the end of the top line
of your error message was never \def'ed. If you have
misspelled it (e.g., `\hobx'), type `I' and the correct
spelling (e.g., `I\hbox'). Otherwise just continue,
and I'll forget about whatever was undefined.

! Undefined control sequence.
<argument> \spacedlowsmallcaps 
                               {\bibname }
l.6 ...s{\bibname}}{\spacedlowsmallcaps{\bibname}}
                                                   % work-around to have sma...
The control sequence at the end of the top line
of your error message was never \def'ed. If you have
misspelled it (e.g., `\hobx'), type `I' and the correct
spelling (e.g., `I\hbox'). Otherwise just continue,
and I'll forget about whatever was undefined.

! Undefined control sequence.
<argument> \spacedlowsmallcaps {\bibname 
                                         }
l.6 ...s{\bibname}}{\spacedlowsmallcaps{\bibname}}
                                                   % work-around to have sma...
The control sequence at the end of the top line
of your error message was never \def'ed. If you have
misspelled it (e.g., `\hobx'), type `I' and the correct
spelling (e.g., `I\hbox'). Otherwise just continue,
and I'll forget about whatever was undefined.


! LaTeX Error: No counter 'dummy' defined.

See the LaTeX manual or LaTeX Companion for explanation.
Type  H <return>  for immediate help.
 ...                                              
                                                  
l.8 \refstepcounter{dummy}
                          
Your command was ignored.
Type  I <command> <return>  to replace it with another command,
or  <return>  to continue without it.

! Undefined control sequence.
<argument> ...c}{\protect \vspace {\beforebibskip 
                                                  }}
l.9 ...tents{toc}{\protect\vspace{\beforebibskip}}
                                                   % to have the bib a bit f...
The control sequence at the end of the top line
of your error message was never \def'ed. If you have
misspelled it (e.g., `\hobx'), type `I' and the correct
spelling (e.g., `I\hbox'). Otherwise just continue,
and I'll forget about whatever was undefined.

! Undefined control sequence.
<argument> ...t \contentsline {chapter}{\tocEntry 
                                                  {\bibname }}{\thepage }}
l.10 ...ntsline{toc}{chapter}{\tocEntry{\bibname}}
                                                  
The control sequence at the end of the top line
of your error message was never \def'ed. If you have
misspelled it (e.g., `\hobx'), type `I' and the correct
spelling (e.g., `I\hbox'). Otherwise just continue,
and I'll forget about whatever was undefined.

! Undefined control sequence.
<argument> ...sline {chapter}{\tocEntry {\bibname 
                                                  }}{\thepage }}
l.10 ...ntsline{toc}{chapter}{\tocEntry{\bibname}}
                                                  
The control sequence at the end of the top line
of your error message was never \def'ed. If you have
misspelled it (e.g., `\hobx'), type `I' and the correct
spelling (e.g., `I\hbox'). Otherwise just continue,
and I'll forget about whatever was undefined.


! LaTeX Error: Missing \begin{document}.

See the LaTeX manual or LaTeX Companion for explanation.
Type  H <return>  for immediate help.
 ...                                              
                                                  
l.12 d
      fg
You're in trouble here.  Try typing  <return>  to proceed.
If that doesn't work, type  X <return>  to quit.

Missing character: There is no d in font nullfont!
Missing character: There is no f in font nullfont!
Missing character: There is no g in font nullfont!
\bibdata{Bibliography}
No file Bibliography.bbl.
)
! Emergency stop.
<*> Bibliography.tex
                    
*** (job aborted, no legal \end found)

 
Here is how much of TeX's memory you used:
 14 strings out of 494925
 227 string characters out of 6178441
 46281 words of memory out of 5000000
 3340 multiletter control sequences out of 15000+600000
 3640 words of font info for 14 fonts, out of 8000000 for 9000
 56 hyphenation exceptions out of 8191
 6i,0n,6p,128b,17s stack positions out of 5000i,500n,10000p,200000b,80000s
!  ==> Fatal error occurred, no output PDF file produced!
